2026-07-09 22:49:40.223 | INFO     | __main__:main:88 - 样本域 300 只；本次预测前 60 只：['000001', '000002', '000063', '000100', '000157']...
2026-07-09 22:49:42.733 | INFO     | factors.kronos_adapter:_load:133 - Kronos 权重加载（tokenizer=NeoQuasar/Kronos-Tokenizer-base, model=NeoQuasar/Kronos-small，经 https://hf-api.gitee.com）...
2026-07-09 22:50:24.913 | INFO     | __main__:main:171 - 000001 平安银行 完成（已预测 15 条，调用 3 次）
2026-07-09 22:51:15.310 | INFO     | __main__:main:171 - 000002 万科A 完成（已预测 18 条，调用 6 次）
2026-07-09 22:51:52.404 | INFO     | __main__:main:171 - 000063 中兴通讯 完成（已预测 21 条，调用 9 次）
2026-07-09 22:52:30.710 | INFO     | __main__:main:171 - 000100 TCL科技 完成（已预测 24 条，调用 12 次）
2026-07-09 22:53:04.606 | INFO     | __main__:main:171 - 000157 中联重科 完成（已预测 27 条，调用 15 次）
2026-07-09 22:53:37.205 | INFO     | __main__:main:171 - 000166 申万宏源 完成（已预测 30 条，调用 18 次）
2026-07-09 22:54:15.209 | INFO     | __main__:main:171 - 000301 东方盛虹 完成（已预测 33 条，调用 21 次）
2026-07-09 22:54:54.517 | INFO     | __main__:main:171 - 000333 美的集团 完成（已预测 36 条，调用 24 次）
2026-07-09 22:55:33.112 | INFO     | __main__:main:171 - 000338 潍柴动力 完成（已预测 39 条，调用 27 次）
2026-07-09 22:56:24.514 | INFO     | __main__:main:171 - 000408 藏格矿业 完成（已预测 42 条，调用 30 次）
2026-07-09 22:56:59.511 | INFO     | __main__:main:171 - 000425 徐工机械 完成（已预测 45 条，调用 33 次）
2026-07-09 22:57:35.417 | INFO     | __main__:main:171 - 000538 云南白药 完成（已预测 48 条，调用 36 次）
2026-07-09 22:58:16.414 | INFO     | __main__:main:171 - 000568 泸州老窖 完成（已预测 51 条，调用 39 次）
2026-07-09 22:59:04.812 | INFO     | __main__:main:171 - 000596 古井贡酒 完成（已预测 54 条，调用 42 次）
2026-07-09 22:59:49.518 | INFO     | __main__:main:171 - 000617 中油资本 完成（已预测 57 条，调用 45 次）
2026-07-09 23:01:15.106 | INFO     | __main__:main:171 - 000625 长安汽车 完成（已预测 60 条，调用 48 次）
2026-07-09 23:02:04.615 | INFO     | __main__:main:171 - 000630 铜陵有色 完成（已预测 63 条，调用 51 次）
2026-07-09 23:02:45.215 | INFO     | __main__:main:171 - 000651 格力电器 完成（已预测 66 条，调用 54 次）
2026-07-09 23:03:19.504 | INFO     | __main__:main:171 - 000657 中钨高新 完成（已预测 69 条，调用 57 次）
2026-07-09 23:03:50.912 | INFO     | __main__:main:171 - 000708 中信特钢 完成（已预测 72 条，调用 60 次）
2026-07-09 23:04:27.011 | INFO     | __main__:main:171 - 000725 京东方A 完成（已预测 75 条，调用 63 次）
2026-07-09 23:05:01.004 | INFO     | __main__:main:171 - 000768 中航西飞 完成（已预测 78 条，调用 66 次）
2026-07-09 23:05:38.105 | INFO     | __main__:main:171 - 000776 广发证券 完成（已预测 81 条，调用 69 次）
2026-07-09 23:06:32.414 | INFO     | __main__:main:171 - 000792 盐湖股份 完成（已预测 84 条，调用 72 次）
2026-07-09 23:07:16.109 | INFO     | __main__:main:171 - 000807 云铝股份 完成（已预测 87 条，调用 75 次）
2026-07-09 23:08:07.814 | INFO     | __main__:main:171 - 000858 五 粮 液 完成（已预测 90 条，调用 78 次）
2026-07-09 23:08:56.718 | INFO     | __main__:main:171 - 000895 双汇发展 完成（已预测 93 条，调用 81 次）
2026-07-09 23:09:35.305 | INFO     | __main__:main:171 - 000938 紫光股份 完成（已预测 96 条，调用 84 次）
2026-07-09 23:10:19.607 | INFO     | __main__:main:171 - 000963 华东医药 完成（已预测 99 条，调用 87 次）
2026-07-09 23:11:19.614 | INFO     | __main__:main:171 - 000975 山金国际 完成（已预测 102 条，调用 90 次）
2026-07-09 23:11:55.610 | INFO     | __main__:main:171 - 000977 浪潮信息 完成（已预测 105 条，调用 93 次）
2026-07-09 23:12:33.613 | INFO     | __main__:main:171 - 000988 华工科技 完成（已预测 108 条，调用 96 次）
2026-07-09 23:13:10.213 | INFO     | __main__:main:171 - 000999 华润三九 完成（已预测 111 条，调用 99 次）
2026-07-09 23:13:38.313 | INFO     | __main__:main:171 - 001280 中国铀业 完成（已预测 114 条，调用 102 次）
2026-07-09 23:14:14.013 | INFO     | __main__:main:171 - 001391 国货航 完成（已预测 117 条，调用 105 次）
2026-07-09 23:15:00.912 | INFO     | __main__:main:171 - 001965 招商公路 完成（已预测 120 条，调用 108 次）
2026-07-09 23:16:16.913 | INFO     | __main__:main:171 - 001979 招商蛇口 完成（已预测 123 条，调用 111 次）
2026-07-09 23:16:53.917 | INFO     | __main__:main:171 - 002001 新和成 完成（已预测 126 条，调用 114 次）
2026-07-09 23:17:32.408 | INFO     | __main__:main:171 - 002027 分众传媒 完成（已预测 129 条，调用 117 次）
2026-07-09 23:18:06.414 | INFO     | __main__:main:171 - 002028 思源电气 完成（已预测 132 条，调用 120 次）
2026-07-09 23:18:43.709 | INFO     | __main__:main:171 - 002049 紫光国微 完成（已预测 135 条，调用 123 次）
2026-07-09 23:19:40.305 | INFO     | __main__:main:171 - 002050 三花智控 完成（已预测 138 条，调用 126 次）
2026-07-09 23:20:36.413 | INFO     | __main__:main:171 - 002074 国轩高科 完成（已预测 141 条，调用 129 次）
2026-07-09 23:21:43.711 | INFO     | __main__:main:171 - 002142 宁波银行 完成（已预测 144 条，调用 132 次）
2026-07-09 23:22:38.013 | INFO     | __main__:main:171 - 002179 中航光电 完成（已预测 147 条，调用 135 次）
2026-07-09 23:23:27.807 | INFO     | __main__:main:171 - 002202 金风科技 完成（已预测 150 条，调用 138 次）
2026-07-09 23:24:09.510 | INFO     | __main__:main:171 - 002230 科大讯飞 完成（已预测 153 条，调用 141 次）
2026-07-09 23:24:51.814 | INFO     | __main__:main:171 - 002236 大华股份 完成（已预测 156 条，调用 144 次）
2026-07-09 23:25:31.408 | INFO     | __main__:main:171 - 002241 歌尔股份 完成（已预测 159 条，调用 147 次）
2026-07-09 23:26:32.613 | INFO     | __main__:main:171 - 002304 洋河股份 完成（已预测 162 条，调用 150 次）
2026-07-09 23:27:23.108 | INFO     | __main__:main:171 - 002311 海大集团 完成（已预测 165 条，调用 153 次）
2026-07-09 23:28:11.212 | INFO     | __main__:main:171 - 002352 顺丰控股 完成（已预测 168 条，调用 156 次）
2026-07-09 23:29:14.106 | INFO     | __main__:main:171 - 002353 杰瑞股份 完成（已预测 171 条，调用 159 次）
2026-07-09 23:30:16.812 | INFO     | __main__:main:171 - 002371 北方华创 完成（已预测 174 条，调用 162 次）
2026-07-09 23:31:28.106 | INFO     | __main__:main:171 - 002384 东山精密 完成（已预测 177 条，调用 165 次）
2026-07-09 23:32:07.910 | INFO     | __main__:main:171 - 002415 海康威视 完成（已预测 180 条，调用 168 次）
2026-07-09 23:32:50.210 | INFO     | __main__:main:171 - 002422 科伦药业 完成（已预测 183 条，调用 171 次）
2026-07-09 23:33:32.007 | INFO     | __main__:main:171 - 002460 赣锋锂业 完成（已预测 186 条，调用 174 次）
2026-07-09 23:34:17.813 | INFO     | __main__:main:171 - 002463 沪电股份 完成（已预测 189 条，调用 177 次）
2026-07-09 23:35:05.407 | INFO     | __main__:main:171 - 002466 天齐锂业 完成（已预测 192 条，调用 180 次）
2026-07-09 23:35:05.419 | INFO     | __main__:main:208 - 
=== 完成：60 只预测 -> _kronos_predictions.md / _kronos_predictions.csv ===
Loading weights from local directory
Loading weights from local directory
# Kronos 真实前瞻预测表（2026-07-09 生成）

> 模型：NeoQuasar/Kronos-small（金融 K 线基础模型，零样本推理）
> 口径：**前瞻预测**——用全部历史在最新交易日一次性外推 1/5/10 日收益，非回测
> dir_pred = sign(ret_pred)；ret_pred = 预测收盘价/最新收盘价 − 1（horizon 日累计）
> 样本：沪深300 前 60 只（实际 60 只，续跑跳过 0 只，Kronos 调用 180 次）

- H1 看多 35 只 / 看空 25 只
- H5 看多 35 只 / 看空 25 只
- H10 看多 34 只 / 看空 26 只

| 代码 | 名称 | 基准日 | H1方向 | H1收益% | H5方向 | H5收益% | H5区间% | H10方向 | H10收益% | H10区间% |
|------|------|--------|--------|---------|--------|---------|----------|---------|----------|-----------|
| 000001 | 平安银行 | 2026-07-08 | ▼空 | -0.93 | ▼空 | -0.35 | [-6.3, 5.61] | ▲多 | +0.03 | [-8.39, 8.44] |
| 000002 | 万科A | 2026-07-08 | ▼空 | -2.03 | ▲多 | +5.66 | [-2.42, 13.74] | ▲多 | +7.41 | [-4.01, 18.84] |
| 000063 | 中兴通讯 | 2026-07-08 | ▼空 | -2.26 | ▼空 | -1.73 | [-15.38, 11.93] | ▼空 | -5.96 | [-25.27, 13.35] |
| 000100 | TCL科技 | 2026-07-08 | ▲多 | +2.72 | ▼空 | -0.14 | [-22.53, 22.25] | ▼空 | -5.29 | [-36.96, 26.37] |
| 000157 | 中联重科 | 2026-07-08 | ▲多 | +1.32 | ▼空 | -1.64 | [-11.47, 8.18] | ▲多 | +0.36 | [-13.53, 14.25] |
| 000166 | 申万宏源 | 2026-07-08 | ▲多 | +0.09 | ▲多 | +0.50 | [-10.21, 11.2] | ▲多 | +0.72 | [-14.42, 15.86] |
| 000301 | 东方盛虹 | 2026-07-08 | ▼空 | -2.48 | ▼空 | -11.59 | [-31.48, 8.29] | ▼空 | -1.53 | [-29.64, 26.59] |
| 000333 | 美的集团 | 2026-07-08 | ▲多 | +0.61 | ▼空 | -0.04 | [-8.0, 7.93] | ▼空 | -2.78 | [-14.04, 8.49] |
| 000338 | 潍柴动力 | 2026-07-08 | ▼空 | -0.59 | ▲多 | +8.58 | [-10.68, 27.84] | ▲多 | +13.98 | [-13.26, 41.22] |
| 000408 | 藏格矿业 | 2026-07-08 | ▲多 | +2.09 | ▼空 | -4.18 | [-20.07, 11.71] | ▼空 | -16.15 | [-38.62, 6.32] |
| 000425 | 徐工机械 | 2026-07-08 | ▼空 | -1.75 | ▲多 | +5.06 | [-9.37, 19.49] | ▲多 | +17.79 | [-2.62, 38.2] |
| 000538 | 云南白药 | 2026-07-08 | ▼空 | -0.61 | ▲多 | +1.72 | [-4.28, 7.72] | ▲多 | +4.57 | [-3.91, 13.04] |
| 000568 | 泸州老窖 | 2026-07-08 | ▲多 | +0.72 | ▲多 | +5.15 | [-2.39, 12.69] | ▲多 | +12.56 | [1.9, 23.23] |
| 000596 | 古井贡酒 | 2026-07-08 | ▲多 | +6.11 | ▲多 | +5.24 | [-3.0, 13.48] | ▲多 | +18.04 | [6.39, 29.7] |
| 000617 | 中油资本 | 2026-07-08 | ▲多 | +4.87 | ▲多 | +19.58 | [8.52, 30.65] | ▲多 | +15.68 | [0.03, 31.33] |
| 000625 | 长安汽车 | 2026-07-08 | ▲多 | +0.49 | ▲多 | +3.87 | [-4.72, 12.47] | ▲多 | +9.42 | [-2.73, 21.57] |
| 000630 | 铜陵有色 | 2026-07-08 | ▼空 | -0.16 | ▲多 | +1.11 | [-18.98, 21.2] | ▼空 | -0.83 | [-29.24, 27.58] |
| 000651 | 格力电器 | 2026-07-08 | ▼空 | -0.21 | ▼空 | -1.04 | [-6.07, 3.99] | ▼空 | -0.62 | [-7.73, 6.49] |
| 000657 | 中钨高新 | 2026-07-08 | ▲多 | +3.37 | ▼空 | -3.62 | [-30.62, 23.39] | ▼空 | -20.29 | [-58.48, 17.91] |
| 000708 | 中信特钢 | 2026-07-08 | ▲多 | +2.42 | ▲多 | +6.02 | [-2.31, 14.34] | ▲多 | +4.68 | [-7.09, 16.45] |
| 000725 | 京东方A | 2026-07-08 | ▼空 | -8.85 | ▼空 | -30.85 | [-54.72, -6.99] | ▼空 | -38.25 | [-72.0, -4.5] |
| 000768 | 中航西飞 | 2026-07-08 | ▲多 | +2.72 | ▲多 | +6.05 | [-8.52, 20.63] | ▲多 | +11.37 | [-9.25, 31.98] |
| 000776 | 广发证券 | 2026-07-08 | ▲多 | +2.20 | ▲多 | +0.44 | [-16.68, 17.56] | ▼空 | -2.12 | [-26.33, 22.09] |
| 000792 | 盐湖股份 | 2026-07-08 | ▼空 | -0.76 | ▼空 | -3.64 | [-19.84, 12.57] | ▼空 | -7.59 | [-30.51, 15.32] |
| 000807 | 云铝股份 | 2026-07-08 | ▼空 | -0.60 | ▲多 | +1.59 | [-15.3, 18.49] | ▲多 | +4.37 | [-19.52, 28.26] |
| 000858 | 五 粮 液 | 2026-07-08 | ▲多 | +5.00 | ▲多 | +4.29 | [-1.89, 10.47] | ▲多 | +14.88 | [6.14, 23.63] |
| 000895 | 双汇发展 | 2026-07-08 | ▼空 | -0.03 | ▲多 | +4.44 | [-1.24, 10.12] | ▲多 | +8.44 | [0.41, 16.48] |
| 000938 | 紫光股份 | 2026-07-08 | ▼空 | -3.20 | ▼空 | -12.07 | [-33.49, 9.35] | ▼空 | -12.89 | [-43.18, 17.41] |
| 000963 | 华东医药 | 2026-07-08 | ▲多 | +4.37 | ▲多 | +8.33 | [-5.61, 22.27] | ▲多 | +3.64 | [-16.07, 23.35] |
| 000975 | 山金国际 | 2026-07-08 | ▲多 | +1.87 | ▲多 | +8.70 | [-11.07, 28.47] | ▲多 | +11.17 | [-16.79, 39.13] |
| 000977 | 浪潮信息 | 2026-07-08 | ▲多 | +5.04 | ▼空 | -8.24 | [-28.18, 11.69] | ▼空 | -12.69 | [-40.88, 15.5] |
| 000988 | 华工科技 | 2026-07-08 | ▼空 | -0.59 | ▼空 | -20.49 | [-42.93, 1.95] | ▲多 | +4.96 | [-26.78, 36.69] |
| 000999 | 华润三九 | 2026-07-08 | ▲多 | +1.24 | ▲多 | +4.09 | [-5.6, 13.78] | ▲多 | +7.84 | [-5.87, 21.54] |
| 001280 | 中国铀业 | 2026-07-08 | ▲多 | +
PRED_EXIT=0
