2026-07-10 15:05:11.070 | INFO     | factors.kronos_adapter:_load:133 - Kronos 权重加载（tokenizer=NeoQuasar/Kronos-Tokenizer-base, model=NeoQuasar/Kronos-small，经 https://hf-api.gitee.com）...
2026-07-10 15:05:17.858 | DEBUG    | factors.prediction:_eval_heavy:371 - 重型模型 kronos：000001 完成（累计 1 只，15 样本）
2026-07-10 15:05:23.336 | DEBUG    | factors.prediction:_eval_heavy:371 - 重型模型 kronos：000002 完成（累计 2 只，30 样本）
2026-07-10 15:05:28.757 | DEBUG    | factors.prediction:_eval_heavy:371 - 重型模型 kronos：000063 完成（累计 3 只，45 样本）
2026-07-10 15:05:34.182 | DEBUG    | factors.prediction:_eval_heavy:371 - 重型模型 kronos：000100 完成（累计 4 只，60 样本）
2026-07-10 15:05:39.632 | DEBUG    | factors.prediction:_eval_heavy:371 - 重型模型 kronos：000157 完成（累计 5 只，75 样本）
2026-07-10 15:05:45.028 | DEBUG    | factors.prediction:_eval_heavy:371 - 重型模型 kronos：000166 完成（累计 6 只，90 样本）
2026-07-10 15:05:50.429 | DEBUG    | factors.prediction:_eval_heavy:371 - 重型模型 kronos：000301 完成（累计 7 只，105 样本）
2026-07-10 15:05:55.852 | DEBUG    | factors.prediction:_eval_heavy:371 - 重型模型 kronos：000333 完成（累计 8 只，120 样本）
2026-07-10 15:06:01.299 | DEBUG    | factors.prediction:_eval_heavy:371 - 重型模型 kronos：000338 完成（累计 9 只，135 样本）
2026-07-10 15:06:06.729 | DEBUG    | factors.prediction:_eval_heavy:371 - 重型模型 kronos：000408 完成（累计 10 只，150 样本）
2026-07-10 15:06:12.118 | DEBUG    | factors.prediction:_eval_heavy:371 - 重型模型 kronos：000425 完成（累计 11 只，165 样本）
2026-07-10 15:06:17.508 | DEBUG    | factors.prediction:_eval_heavy:371 - 重型模型 kronos：000538 完成（累计 12 只，180 样本）
2026-07-10 15:06:22.901 | DEBUG    | factors.prediction:_eval_heavy:371 - 重型模型 kronos：000568 完成（累计 13 只，195 样本）
2026-07-10 15:06:28.266 | DEBUG    | factors.prediction:_eval_heavy:371 - 重型模型 kronos：000596 完成（累计 14 只，210 样本）
2026-07-10 15:06:33.666 | DEBUG    | factors.prediction:_eval_heavy:371 - 重型模型 kronos：000617 完成（累计 15 只，225 样本）
2026-07-10 15:06:39.119 | DEBUG    | factors.prediction:_eval_heavy:371 - 重型模型 kronos：000625 完成（累计 16 只，240 样本）
2026-07-10 15:06:44.533 | DEBUG    | factors.prediction:_eval_heavy:371 - 重型模型 kronos：000630 完成（累计 17 只，255 样本）
2026-07-10 15:06:50.011 | DEBUG    | factors.prediction:_eval_heavy:371 - 重型模型 kronos：000651 完成（累计 18 只，270 样本）
2026-07-10 15:06:55.450 | DEBUG    | factors.prediction:_eval_heavy:371 - 重型模型 kronos：000657 完成（累计 19 只，285 样本）
2026-07-10 15:07:00.890 | DEBUG    | factors.prediction:_eval_heavy:371 - 重型模型 kronos：000708 完成（累计 20 只，300 样本）
2026-07-10 15:07:06.351 | DEBUG    | factors.prediction:_eval_heavy:371 - 重型模型 kronos：000725 完成（累计 21 只，315 样本）
2026-07-10 15:07:11.787 | DEBUG    | factors.prediction:_eval_heavy:371 - 重型模型 kronos：000768 完成（累计 22 只，330 样本）
2026-07-10 15:07:17.210 | DEBUG    | factors.prediction:_eval_heavy:371 - 重型模型 kronos：000776 完成（累计 23 只，345 样本）
2026-07-10 15:07:22.652 | DEBUG    | factors.prediction:_eval_heavy:371 - 重型模型 kronos：000792 完成（累计 24 只，360 样本）
2026-07-10 15:07:28.212 | DEBUG    | factors.prediction:_eval_heavy:371 - 重型模型 kronos：000807 完成（累计 25 只，375 样本）
2026-07-10 15:07:33.833 | DEBUG    | factors.prediction:_eval_heavy:371 - 重型模型 kronos：000858 完成（累计 26 只，390 样本）
2026-07-10 15:07:39.384 | DEBUG    | factors.prediction:_eval_heavy:371 - 重型模型 kronos：000895 完成（累计 27 只，405 样本）
2026-07-10 15:07:44.834 | DEBUG    | factors.prediction:_eval_heavy:371 - 重型模型 kronos：000938 完成（累计 28 只，420 样本）
2026-07-10 15:07:50.374 | DEBUG    | factors.prediction:_eval_heavy:371 - 重型模型 kronos：000963 完成（累计 29 只，435 样本）
2026-07-10 15:07:55.821 | DEBUG    | factors.prediction:_eval_heavy:371 - 重型模型 kronos：000975 完成（累计 30 只，450 样本）
2026-07-10 15:08:01.453 | DEBUG    | factors.prediction:_eval_heavy:371 - 重型模型 kronos：000977 完成（累计 31 只，465 样本）
2026-07-10 15:08:06.898 | DEBUG    | factors.prediction:_eval_heavy:371 - 重型模型 kronos：000988 完成（累计 32 只，480 样本）
2026-07-10 15:08:12.264 | DEBUG    | factors.prediction:_eval_heavy:371 - 重型模型 kronos：000999 完成（累计 33 只，495 样本）
2026-07-10 15:08:16.116 | DEBUG    | factors.prediction:_eval_heavy:371 - 重型模型 kronos：001280 完成（累计 34 只，510 样本）
2026-07-10 15:08:21.496 | DEBUG    | factors.prediction:_eval_heavy:371 - 重型模型 kronos：001391 完成（累计 35 只，525 样本）
2026-07-10 15:08:26.870 | DEBUG    | factors.prediction:_eval_heavy:371 - 重型模型 kronos：001965 完成（累计 36 只，540 样本）
2026-07-10 15:08:32.282 | DEBUG    | factors.prediction:_eval_heavy:371 - 重型模型 kronos：001979 完成（累计 37 只，555 样本）
2026-07-10 15:08:37.711 | DEBUG    | factors.prediction:_eval_heavy:371 - 重型模型 kronos：002001 完成（累计 38 只，570 样本）
2026-07-10 15:08:43.242 | DEBUG    | factors.prediction:_eval_heavy:371 - 重型模型 kronos：002027 完成（累计 39 只，585 样本）
2026-07-10 15:08:48.786 | DEBUG    | factors.prediction:_eval_heavy:371 - 重型模型 kronos：002028 完成（累计 40 只，600 样本）
2026-07-10 15:08:54.000 | DEBUG    | factors.prediction:_eval_heavy:371 - 重型模型 kronos：002049 完成（累计 41 只，615 样本）
2026-07-10 15:08:59.474 | DEBUG    | factors.prediction:_eval_heavy:371 - 重型模型 kronos：002050 完成（累计 42 只，630 样本）
2026-07-10 15:09:04.904 | DEBUG    | factors.prediction:_eval_heavy:371 - 重型模型 kronos：002074 完成（累计 43 只，645 样本）
2026-07-10 15:09:10.329 | DEBUG    | factors.prediction:_eval_heavy:371 - 重型模型 kronos：002142 完成（累计 44 只，660 样本）
2026-07-10 15:09:15.707 | DEBUG    | factors.prediction:_eval_heavy:371 - 重型模型 kronos：002179 完成（累计 45 只，675 样本）
2026-07-10 15:09:21.175 | DEBUG    | factors.prediction:_eval_heavy:371 - 重型模型 kronos：002202 完成（累计 46 只，690 样本）
2026-07-10 15:09:26.655 | DEBUG    | factors.prediction:_eval_heavy:371 - 重型模型 kronos：002230 完成（累计 47 只，705 样本）
2026-07-10 15:09:32.112 | DEBUG    | factors.prediction:_eval_heavy:371 - 重型模型 kronos：002236 完成（累计 48 只，720 样本）
2026-07-10 15:09:37.548 | DEBUG    | factors.prediction:_eval_heavy:371 - 重型模型 kronos：002241 完成（累计 49 只，735 样本）
2026-07-10 15:09:42.989 | DEBUG    | factors.prediction:_eval_heavy:371 - 重型模型 kronos：002304 完成（累计 50 只，750 样本）
2026-07-10 15:09:48.467 | DEBUG    | factors.prediction:_eval_heavy:371 - 重型模型 kronos：002311 完成（累计 51 只，765 样本）
2026-07-10 15:09:53.922 | DEBUG    | factors.prediction:_eval_heavy:371 - 重型模型 kronos：002352 完成（累计 52 只，780 样本）
2026-07-10 15:09:59.345 | DEBUG    | factors.prediction:_eval_heavy:371 - 重型模型 kronos：002353 完成（累计 53 只，795 样本）
2026-07-10 15:10:04.778 | DEBUG    | factors.prediction:_eval_heavy:371 - 重型模型 kronos：002371 完成（累计 54 只，810 样本）
2026-07-10 15:10:10.205 | DEBUG    | factors.prediction:_eval_heavy:371 - 重型模型 kronos：002384 完成（累计 55 只，825 样本）
2026-07-10 15:10:15.599 | DEBUG    | factors.prediction:_eval_heavy:371 - 重型模型 kronos：002415 完成（累计 56 只，840 样本）
2026-07-10 15:10:20.996 | DEBUG    | factors.prediction:_eval_heavy:371 - 重型模型 kronos：002422 完成（累计 57 只，855 样本）
2026-07-10 15:10:26.417 | DEBUG    | factors.prediction:_eval_heavy:371 - 重型模型 kronos：002460 完成（累计 58 只，870 样本）
2026-07-10 15:10:31.980 | DEBUG    | factors.prediction:_eval_heavy:371 - 重型模型 kronos：002463 完成（累计 59 只，885 样本）
2026-07-10 15:10:37.415 | DEBUG    | factors.prediction:_eval_heavy:371 - 重型模型 kronos：002466 完成（累计 60 只，900 样本）
2026-07-10 15:10:42.786 | DEBUG    | factors.prediction:_eval_heavy:371 - 重型模型 kronos：002475 完成（累计 61 只，915 样本）
2026-07-10 15:10:48.243 | DEBUG    | factors.prediction:_eval_heavy:371 - 重型模型 kronos：002493 完成（累计 62 只，930 样本）
2026-07-10 15:10:53.670 | DEBUG    | factors.prediction:_eval_heavy:371 - 重型模型 kronos：002532 完成（累计 63 只，945 样本）
2026-07-10 15:10:59.109 | DEBUG    | factors.prediction:_eval_heavy:371 - 重型模型 kronos：002558 完成（累计 64 只，960 样本）
2026-07-10 15:11:04.530 | DEBUG    | factors.prediction:_eval_heavy:371 - 重型模型 kronos：002594 完成（累计 65 只，975 样本）
2026-07-10 15:11:09.966 | DEBUG    | factors.prediction:_eval_heavy:371 - 重型模型 kronos：002600 完成（累计 66 只，990 样本）
2026-07-10 15:11:15.347 | DEBUG    | factors.prediction:_eval_heavy:371 - 重型模型 kronos：002602 完成（累计 67 只，1005 样本）
2026-07-10 15:11:20.778 | DEBUG    | factors.prediction:_eval_heavy:371 - 重型模型 kronos：002625 完成（累计 68 只，1020 样本）
2026-07-10 15:11:26.145 | DEBUG    | factors.prediction:_eval_heavy:371 - 重型模型 kronos：002648 完成（累计 69 只，1035 样本）
2026-07-10 15:11:31.581 | DEBUG    | factors.prediction:_eval_heavy:371 - 重型模型 kronos：002709 完成（累计 70 只，1050 样本）
2026-07-10 15:11:37.096 | DEBUG    | factors.prediction:_eval_heavy:371 - 重型模型 kronos：002714 完成（累计 71 只，1065 样本）
2026-07-10 15:11:42.472 | DEBUG    | factors.prediction:_eval_heavy:371 - 重型模型 kronos：002736 完成（累计 72 只，1080 样本）
2026-07-10 15:11:47.867 | DEBUG    | factors.prediction:_eval_heavy:371 - 重型模型 kronos：002837 完成（累计 73 只，1095 样本）
2026-07-10 15:11:53.314 | DEBUG    | factors.prediction:_eval_heavy:371 - 重型模型 kronos：002916 完成（累计 74 只，1110 样本）
2026-07-10 15:11:58.750 | DEBUG    | factors.prediction:_eval_heavy:371 - 重型模型 kronos：002920 完成（累计 75 只，1125 样本）
2026-07-10 15:12:04.170 | DEBUG    | factors.prediction:_eval_heavy:371 - 重型模型 kronos：002938 完成（累计 76 只，1140 样本）
2026-07-10 15:12:09.579 | DEBUG    | factors.prediction:_eval_heavy:371 - 重型模型 kronos：003816 完成（累计 77 只，1155 样本）
2026-07-10 15:12:14.978 | DEBUG    | factors.prediction:_eval_heavy:371 - 重型模型 kronos：300014 完成（累计 78 只，1170 样本）
2026-07-10 15:12:20.371 | DEBUG    | factors.prediction:_eval_heavy:371 - 重型模型 kronos：300015 完成（累计 79 只，1185 样本）
2026-07-10 15:12:25.782 | DEBUG    | factors.prediction:_eval_heavy:371 - 重型模型 kronos：300033 完成（累计 80 只，1200 样本）
2026-07-10 15:12:31.209 | DEBUG    | factors.prediction:_eval_heavy:371 - 重型模型 kronos：300059 完成（累计 81 只，1215 样本）
2026-07-10 15:12:36.638 | DEBUG    | factors.prediction:_eval_heavy:371 - 重型模型 kronos：300122 完成（累计 82 只，1230 样本）
2026-07-10 15:12:42.064 | DEBUG    | factors.prediction:_eval_heavy:371 - 重型模型 kronos：300124 完成（累计 83 只，1245 样本）
2026-07-10 15:12:47.441 | DEBUG    | factors.prediction:_eval_heavy:371 - 重型模型 kronos：300251 完成（累计 84 只，1260 样本）
2026-07-10 15:12:52.922 | DEBUG    | factors.prediction:_eval_heavy:371 - 重型模型 kronos：300274 完成（累计 85 只，1275 样本）
2026-07-10 15:12:58.317 | DEBUG    | factors.prediction:_eval_heavy:371 - 重型模型 kronos：300308 完成（累计 86 只，1290 样本）
2026-07-10 15:13:03.750 | DEBUG    | factors.prediction:_eval_heavy:371 - 重型模型 kronos：300316 完成（累计 87 只，1305 样本）
2026-07-10 15:13:09.143 | DEBUG    | factors.prediction:_eval_heavy:371 - 重型模型 kronos：300394 完成（累计 88 只，1320 样本）
2026-07-10 15:13:14.485 | DEBUG    | factors.prediction:_eval_heavy:371 - 重型模型 kronos：300408 完成（累计 89 只，1335 样本）
2026-07-10 15:13:19.890 | DEBUG    | factors.prediction:_eval_heavy:371 - 重型模型 kronos：300413 完成（累计 90 只，1350 样本）
2026-07-10 15:13:25.302 | DEBUG    | factors.prediction:_eval_heavy:371 - 重型模型 kronos：300418 完成（累计 91 只，1365 样本）
2026-07-10 15:13:30.674 | DEBUG    | factors.prediction:_eval_heavy:371 - 重型模型 kronos：300433 完成（累计 92 只，1380 样本）
2026-07-10 15:13:35.911 | DEBUG    | factors.prediction:_eval_heavy:371 - 重型模型 kronos：300442 完成（累计 93 只，1395 样本）
2026-07-10 15:13:41.264 | DEBUG    | factors.prediction:_eval_heavy:371 - 重型模型 kronos：300450 完成（累计 94 只，1410 样本）
2026-07-10 15:13:46.615 | DEBUG    | factors.prediction:_eval_heavy:371 - 重型模型 kronos：300476 完成（累计 95 只，1425 样本）
2026-07-10 15:13:52.023 | DEBUG    | factors.prediction:_eval_heavy:371 - 重型模型 kronos：300498 完成（累计 96 只，1440 样本）
2026-07-10 15:13:57.369 | DEBUG    | factors.prediction:_eval_heavy:371 - 重型模型 kronos：300502 完成（累计 97 只，1455 样本）
2026-07-10 15:14:02.787 | DEBUG    | factors.prediction:_eval_heavy:371 - 重型模型 kronos：300628 完成（累计 98 只，1470 样本）
2026-07-10 15:14:08.208 | DEBUG    | factors.prediction:_eval_heavy:371 - 重型模型 kronos：300661 完成（累计 99 只，1485 样本）
2026-07-10 15:14:13.552 | DEBUG    | factors.prediction:_eval_heavy:371 - 重型模型 kronos：300750 完成（累计 100 只，1500 样本）
2026-07-10 15:14:18.910 | DEBUG    | factors.prediction:_eval_heavy:371 - 重型模型 kronos：300760 完成（累计 101 只，1515 样本）
2026-07-10 15:14:24.280 | DEBUG    | factors.prediction:_eval_heavy:371 - 重型模型 kronos：300803 完成（累计 102 只，1530 样本）
2026-07-10 15:14:29.660 | DEBUG    | factors.prediction:_eval_heavy:371 - 重型模型 kronos：300832 完成（累计 103 只，1545 样本）
2026-07-10 15:14:35.054 | DEBUG    | factors.prediction:_eval_heavy:371 - 重型模型 kronos：300866 完成（累计 104 只，1560 样本）
2026-07-10 15:14:40.453 | DEBUG    | factors.prediction:_eval_heavy:371 - 重型模型 kronos：300896 完成（累计 105 只，1575 样本）
2026-07-10 15:14:45.889 | DEBUG    | factors.prediction:_eval_heavy:371 - 重型模型 kronos：300999 完成（累计 106 只，1590 样本）
2026-07-10 15:14:51.368 | DEBUG    | factors.prediction:_eval_heavy:371 - 重型模型 kronos：301165 完成（累计 107 只，1605 样本）
2026-07-10 15:14:56.805 | DEBUG    | factors.prediction:_eval_heavy:371 - 重型模型 kronos：301236 完成（累计 108 只，1620 样本）
2026-07-10 15:15:02.179 | DEBUG    | factors.prediction:_eval_heavy:371 - 重型模型 kronos：301269 完成（累计 109 只，1635 样本）
2026-07-10 15:15:07.585 | DEBUG    | factors.prediction:_eval_heavy:371 - 重型模型 kronos：301308 完成（累计 110 只，1650 样本）
2026-07-10 15:15:13.117 | DEBUG    | factors.prediction:_eval_heavy:371 - 重型模型 kronos：302132 完成（累计 111 只，1665 样本）
2026-07-10 15:15:18.753 | DEBUG    | factors.prediction:_eval_heavy:371 - 重型模型 kronos：600000 完成（累计 112 只，1680 样本）
2026-07-10 15:15:24.353 | DEBUG    | factors.prediction:_eval_heavy:371 - 重型模型 kronos：600009 完成（累计 113 只，1695 样本）
2026-07-10 15:15:29.771 | DEBUG    | factors.prediction:_eval_heavy:371 - 重型模型 kronos：600010 完成（累计 114 只，1710 样本）
2026-07-10 15:15:35.262 | DEBUG    | factors.prediction:_eval_heavy:371 - 重型模型 kronos：600011 完成（累计 115 只，1725 样本）
2026-07-10 15:15:40.641 | DEBUG    | factors.prediction:_eval_heavy:371 - 重型模型 kronos：600015 完成（累计 116 只，1740 样本）
2026-07-10 15:15:46.073 | DEBUG    | factors.prediction:_eval_heavy:371 - 重型模型 kronos：600016 完成（累计 117 只，1755 样本）
2026-07-10 15:15:51.525 | DEBUG    | factors.prediction:_eval_heavy:371 - 重型模型 kronos：600018 完成（累计 118 只，1770 样本）
2026-07-10 15:15:56.985 | DEBUG    | factors.prediction:_eval_heavy:371 - 重型模型 kronos：600019 完成（累计 119 只，1785 样本）
2026-07-10 15:16:02.449 | DEBUG    | factors.prediction:_eval_heavy:371 - 重型模型 kronos：600023 完成（累计 120 只，1800 样本）
2026-07-10 15:16:07.928 | DEBUG    | factors.prediction:_eval_heavy:371 - 重型模型 kronos：600025 完成（累计 121 只，1815 样本）
2026-07-10 15:16:13.396 | DEBUG    | factors.prediction:_eval_heavy:371 - 重型模型 kronos：600026 完成（累计 122 只，1830 样本）
2026-07-10 15:16:18.809 | DEBUG    | factors.prediction:_eval_heavy:371 - 重型模型 kronos：600027 完成（累计 123 只，1845 样本）
2026-07-10 15:16:24.276 | DEBUG    | factors.prediction:_eval_heavy:371 - 重型模型 kronos：600028 完成（累计 124 只，1860 样本）
2026-07-10 15:16:29.698 | DEBUG    | factors.prediction:_eval_heavy:371 - 重型模型 kronos：600029 完成（累计 125 只，1875 样本）
2026-07-10 15:16:35.151 | DEBUG    | factors.prediction:_eval_heavy:371 - 重型模型 kronos：600030 完成（累计 126 只，1890 样本）
2026-07-10 15:16:40.515 | DEBUG    | factors.prediction:_eval_heavy:371 - 重型模型 kronos：600031 完成（累计 127 只，1905 样本）
2026-07-10 15:16:45.916 | DEBUG    | factors.prediction:_eval_heavy:371 - 重型模型 kronos：600036 完成（累计 128 只，1920 样本）
2026-07-10 15:16:51.377 | DEBUG    | factors.prediction:_eval_heavy:371 - 重型模型 kronos：600039 完成（累计 129 只，1935 样本）
2026-07-10 15:16:56.818 | DEBUG    | factors.prediction:_eval_heavy:371 - 重型模型 kronos：600048 完成（累计 130 只，1950 样本）
2026-07-10 15:17:02.285 | DEBUG    | factors.prediction:_eval_heavy:371 - 重型模型 kronos：600050 完成（累计 131 只，1965 样本）
2026-07-10 15:17:07.724 | DEBUG    | factors.prediction:_eval_heavy:371 - 重型模型 kronos：600061 完成（累计 132 只，1980 样本）
2026-07-10 15:17:13.247 | DEBUG    | factors.prediction:_eval_heavy:371 - 重型模型 kronos：600066 完成（累计 133 只，1995 样本）
2026-07-10 15:17:18.763 | DEBUG    | factors.prediction:_eval_heavy:371 - 重型模型 kronos：600085 完成（累计 134 只，2010 样本）
2026-07-10 15:17:24.322 | DEBUG    | factors.prediction:_eval_heavy:371 - 重型模型 kronos：600089 完成（累计 135 只，2025 样本）
2026-07-10 15:17:29.975 | DEBUG    | factors.prediction:_eval_heavy:371 - 重型模型 kronos：600104 完成（累计 136 只，2040 样本）
2026-07-10 15:17:35.667 | DEBUG    | factors.prediction:_eval_heavy:371 - 重型模型 kronos：600111 完成（累计 137 只，2055 样本）
2026-07-10 15:17:41.271 | DEBUG    | factors.prediction:_eval_heavy:371 - 重型模型 kronos：600115 完成（累计 138 只，2070 样本）
2026-07-10 15:17:46.880 | DEBUG    | factors.prediction:_eval_heavy:371 - 重型模型 kronos：600118 完成（累计 139 只，2085 样本）
2026-07-10 15:17:52.511 | DEBUG    | factors.prediction:_eval_heavy:371 - 重型模型 kronos：600150 完成（累计 140 只，2100 样本）
2026-07-10 15:17:58.181 | DEBUG    | factors.prediction:_eval_heavy:371 - 重型模型 kronos：600160 完成（累计 141 只，2115 样本）
2026-07-10 15:18:03.911 | DEBUG    | factors.prediction:_eval_heavy:371 - 重型模型 kronos：600176 完成（累计 142 只，2130 样本）
2026-07-10 15:18:09.750 | DEBUG    | factors.prediction:_eval_heavy:371 - 重型模型 kronos：600183 完成（累计 143 只，2145 样本）
2026-07-10 15:18:15.644 | DEBUG    | factors.prediction:_eval_heavy:371 - 重型模型 kronos：600188 完成（累计 144 只，2160 样本）
2026-07-10 15:18:21.438 | DEBUG    | factors.prediction:_eval_heavy:371 - 重型模型 kronos：600196 完成（累计 145 只，2175 样本）
2026-07-10 15:18:27.103 | DEBUG    | factors.prediction:_eval_heavy:371 - 重型模型 kronos：600219 完成（累计 146 只，2190 样本）
2026-07-10 15:18:32.680 | DEBUG    | factors.prediction:_eval_heavy:371 - 重型模型 kronos：600221 完成（累计 147 只，2205 样本）
2026-07-10 15:18:38.364 | DEBUG    | factors.prediction:_eval_heavy:371 - 重型模型 kronos：600233 完成（累计 148 只，2220 样本）
2026-07-10 15:18:43.934 | DEBUG    | factors.prediction:_eval_heavy:371 - 重型模型 kronos：600276 完成（累计 149 只，2235 样本）
2026-07-10 15:18:49.666 | DEBUG    | factors.prediction:_eval_heavy:371 - 重型模型 kronos：600309 完成（累计 150 只，2250 样本）
2026-07-10 15:18:55.135 | DEBUG    | factors.prediction:_eval_heavy:371 - 重型模型 kronos：600346 完成（累计 151 只，2265 样本）
2026-07-10 15:19:00.562 | DEBUG    | factors.prediction:_eval_heavy:371 - 重型模型 kronos：600362 完成（累计 152 只，2280 样本）
2026-07-10 15:19:06.017 | DEBUG    | factors.prediction:_eval_heavy:371 - 重型模型 kronos：600372 完成（累计 153 只，2295 样本）
2026-07-10 15:19:11.384 | DEBUG    | factors.prediction:_eval_heavy:371 - 重型模型 kronos：600406 完成（累计 154 只，2310 样本）
2026-07-10 15:19:16.765 | DEBUG    | factors.prediction:_eval_heavy:371 - 重型模型 kronos：600415 完成（累计 155 只，2325 样本）
2026-07-10 15:19:22.169 | DEBUG    | factors.prediction:_eval_heavy:371 - 重型模型 kronos：600426 完成（累计 156 只，2340 样本）
2026-07-10 15:19:27.613 | DEBUG    | factors.prediction:_eval_heavy:371 - 重型模型 kronos：600436 完成（累计 157 只，2355 样本）
2026-07-10 15:19:32.752 | DEBUG    | factors.prediction:_eval_heavy:371 - 重型模型 kronos：600438 完成（累计 158 只，2370 样本）
2026-07-10 15:19:38.146 | DEBUG    | factors.prediction:_eval_heavy:371 - 重型模型 kronos：600460 完成（累计 159 只，2385 样本）
2026-07-10 15:19:43.548 | DEBUG    | factors.prediction:_eval_heavy:371 - 重型模型 kronos：600482 完成（累计 160 只，2400 样本）
2026-07-10 15:19:48.947 | DEBUG    | factors.prediction:_eval_heavy:371 - 重型模型 kronos：600489 完成（累计 161 只，2415 样本）
2026-07-10 15:19:54.397 | DEBUG    | factors.prediction:_eval_heavy:371 - 重型模型 kronos：600515 完成（累计 162 只，2430 样本）
2026-07-10 15:19:59.785 | DEBUG    | factors.prediction:_eval_heavy:371 - 重型模型 kronos：600519 完成（累计 163 只，2445 样本）
2026-07-10 15:20:05.280 | DEBUG    | factors.prediction:_eval_heavy:371 - 重型模型 kronos：600522 完成（累计 164 只，2460 样本）
2026-07-10 15:20:10.697 | DEBUG    | factors.prediction:_eval_heavy:371 - 重型模型 kronos：600547 完成（累计 165 只，2475 样本）
2026-07-10 15:20:16.161 | DEBUG    | factors.prediction:_eval_heavy:371 - 重型模型 kronos：600549 完成（累计 166 只，2490 样本）
2026-07-10 15:20:21.669 | DEBUG    | factors.prediction:_eval_heavy:371 - 重型模型 kronos：600570 完成（累计 167 只，2505 样本）
2026-07-10 15:20:27.145 | DEBUG    | factors.prediction:_eval_heavy:371 - 重型模型 kronos：600584 完成（累计 168 只，2520 样本）
2026-07-10 15:20:32.575 | DEBUG    | factors.prediction:_eval_heavy:371 - 重型模型 kronos：600585 完成（累计 169 只，2535 样本）
2026-07-10 15:20:38.061 | DEBUG    | factors.prediction:_eval_heavy:371 - 重型模型 kronos：600588 完成（累计 170 只，2550 样本）
2026-07-10 15:20:43.495 | DEBUG    | factors.prediction:_eval_heavy:371 - 重型模型 kronos：600600 完成（累计 171 只，2565 样本）
2026-07-10 15:20:49.013 | DEBUG    | factors.prediction:_eval_heavy:371 - 重型模型 kronos：600660 完成（累计 172 只，2580 样本）
2026-07-10 15:20:54.622 | DEBUG    | factors.prediction:_eval_heavy:371 - 重型模型 kronos：600674 完成（累计 173 只，2595 样本）
2026-07-10 15:21:00.235 | DEBUG    | factors.prediction:_eval_heavy:371 - 重型模型 kronos：600690 完成（累计 174 只，2610 样本）
2026-07-10 15:21:05.716 | DEBUG    | factors.prediction:_eval_heavy:371 - 重型模型 kronos：600741 完成（累计 175 只，2625 样本）
2026-07-10 15:21:11.199 | DEBUG    | factors.prediction:_eval_heavy:371 - 重型模型 kronos：600760 完成（累计 176 只，2640 样本）
2026-07-10 15:21:16.618 | DEBUG    | factors.prediction:_eval_heavy:371 - 重型模型 kronos：600795 完成（累计 177 只，2655 样本）
2026-07-10 15:21:22.089 | DEBUG    | factors.prediction:_eval_heavy:371 - 重型模型 kronos：600803 完成（累计 178 只，2670 样本）
2026-07-10 15:21:27.560 | DEBUG    | factors.prediction:_eval_heavy:371 - 重型模型 kronos：600809 完成（累计 179 只，2685 样本）
2026-07-10 15:21:32.981 | DEBUG    | factors.prediction:_eval_heavy:371 - 重型模型 kronos：600845 完成（累计 180 只，2700 样本）
2026-07-10 15:21:38.456 | DEBUG    | factors.prediction:_eval_heavy:371 - 重型模型 kronos：600875 完成（累计 181 只，2715 样本）
2026-07-10 15:21:43.951 | DEBUG    | factors.prediction:_eval_heavy:371 - 重型模型 kronos：600886 完成（累计 182 只，2730 样本）
2026-07-10 15:21:49.428 | DEBUG    | factors.prediction:_eval_heavy:371 - 重型模型 kronos：600887 完成（累计 183 只，2745 样本）
2026-07-10 15:21:54.924 | DEBUG    | factors.prediction:_eval_heavy:371 - 重型模型 kronos：600893 完成（累计 184 只，2760 样本）
2026-07-10 15:22:00.361 | DEBUG    | factors.prediction:_eval_heavy:371 - 重型模型 kronos：600900 完成（累计 185 只，2775 样本）
2026-07-10 15:22:05.830 | DEBUG    | factors.prediction:_eval_heavy:371 - 重型模型 kronos：600905 完成（累计 186 只，2790 样本）
2026-07-10 15:22:11.295 | DEBUG    | factors.prediction:_eval_heavy:371 - 重型模型 kronos：600918 完成（累计 187 只，2805 样本）
2026-07-10 15:22:16.753 | DEBUG    | factors.prediction:_eval_heavy:371 - 重型模型 kronos：600919 完成（累计 188 只，2820 样本）
2026-07-10 15:22:22.231 | DEBUG    | factors.prediction:_eval_heavy:371 - 重型模型 kronos：600926 完成（累计 189 只，2835 样本）
2026-07-10 15:22:27.725 | DEBUG    | factors.prediction:_eval_heavy:371 - 重型模型 kronos：600930 完成（累计 190 只，2850 样本）
2026-07-10 15:22:33.219 | DEBUG    | factors.prediction:_eval_heavy:371 - 重型模型 kronos：600938 完成（累计 191 只，2865 样本）
2026-07-10 15:22:38.688 | DEBUG    | factors.prediction:_eval_heavy:371 - 重型模型 kronos：600941 完成（累计 192 只，2880 样本）
2026-07-10 15:22:43.875 | DEBUG    | factors.prediction:_eval_heavy:371 - 重型模型 kronos：600958 完成（累计 193 只，2895 样本）
2026-07-10 15:22:49.402 | DEBUG    | factors.prediction:_eval_heavy:371 - 重型模型 kronos：600989 完成（累计 194 只，2910 样本）
2026-07-10 15:22:54.895 | DEBUG    | factors.prediction:_eval_heavy:371 - 重型模型 kronos：600999 完成（累计 195 只，2925 样本）
2026-07-10 15:23:00.347 | DEBUG    | factors.prediction:_eval_heavy:371 - 重型模型 kronos：601006 完成（累计 196 只，2940 样本）
2026-07-10 15:23:05.831 | DEBUG    | factors.prediction:_eval_heavy:371 - 重型模型 kronos：601009 完成（累计 197 只，2955 样本）
2026-07-10 15:23:11.395 | DEBUG    | factors.prediction:_eval_heavy:371 - 重型模型 kronos：601012 完成（累计 198 只，2970 样本）
2026-07-10 15:23:16.942 | DEBUG    | factors.prediction:_eval_heavy:371 - 重型模型 kronos：601018 完成（累计 199 只，2985 样本）
2026-07-10 15:23:22.456 | DEBUG    | factors.prediction:_eval_heavy:371 - 重型模型 kronos：601021 完成（累计 200 只，3000 样本）
2026-07-10 15:23:27.952 | DEBUG    | factors.prediction:_eval_heavy:371 - 重型模型 kronos：601058 完成（累计 201 只，3015 样本）
2026-07-10 15:23:32.831 | DEBUG    | factors.prediction:_eval_heavy:371 - 重型模型 kronos：601059 完成（累计 202 只，3030 样本）
2026-07-10 15:23:38.326 | DEBUG    | factors.prediction:_eval_heavy:371 - 重型模型 kronos：601066 完成（累计 203 只，3045 样本）
2026-07-10 15:23:43.780 | DEBUG    | factors.prediction:_eval_heavy:371 - 重型模型 kronos：601077 完成（累计 204 只，3060 样本）
2026-07-10 15:23:49.284 | DEBUG    | factors.prediction:_eval_heavy:371 - 重型模型 kronos：601088 完成（累计 205 只，3075 样本）
2026-07-10 15:23:54.773 | DEBUG    | factors.prediction:_eval_heavy:371 - 重型模型 kronos：601100 完成（累计 206 只，3090 样本）
2026-07-10 15:24:00.217 | DEBUG    | factors.prediction:_eval_heavy:371 - 重型模型 kronos：601111 完成（累计 207 只，3105 样本）
2026-07-10 15:24:05.730 | DEBUG    | factors.prediction:_eval_heavy:371 - 重型模型 kronos：601117 完成（累计 208 只，3120 样本）
2026-07-10 15:24:11.217 | DEBUG    | factors.prediction:_eval_heavy:371 - 重型模型 kronos：601127 完成（累计 209 只，3135 样本）
2026-07-10 15:24:16.676 | DEBUG    | factors.prediction:_eval_heavy:371 - 重型模型 kronos：601136 完成（累计 210 只，3150 样本）
2026-07-10 15:24:22.390 | DEBUG    | factors.prediction:_eval_heavy:371 - 重型模型 kronos：601138 完成（累计 211 只，3165 样本）
2026-07-10 15:24:28.069 | DEBUG    | factors.prediction:_eval_heavy:371 - 重型模型 kronos：601166 完成（累计 212 只，3180 样本）
2026-07-10 15:24:33.725 | DEBUG    | factors.prediction:_eval_heavy:371 - 重型模型 kronos：601169 完成（累计 213 只，3195 样本）
2026-07-10 15:24:39.327 | DEBUG    | factors.prediction:_eval_heavy:371 - 重型模型 kronos：601186 完成（累计 214 只，3210 样本）
2026-07-10 15:24:44.924 | DEBUG    | factors.prediction:_eval_heavy:371 - 重型模型 kronos：601211 完成（累计 215 只，3225 样本）
2026-07-10 15:24:50.577 | DEBUG    | factors.prediction:_eval_heavy:371 - 重型模型 kronos：601225 完成（累计 216 只，3240 样本）
2026-07-10 15:24:56.210 | DEBUG    | factors.prediction:_eval_heavy:371 - 重型模型 kronos：601229 完成（累计 217 只，3255 样本）
2026-07-10 15:25:01.880 | DEBUG    | factors.prediction:_eval_heavy:371 - 重型模型 kronos：601238 完成（累计 218 只，3270 样本）
2026-07-10 15:25:07.539 | DEBUG    | factors.prediction:_eval_heavy:371 - 重型模型 kronos：601288 完成（累计 219 只，3285 样本）
2026-07-10 15:25:13.187 | DEBUG    | factors.prediction:_eval_heavy:371 - 重型模型 kronos：601318 完成（累计 220 只，3300 样本）
2026-07-10 15:25:18.759 | DEBUG    | factors.prediction:_eval_heavy:371 - 重型模型 kronos：601319 完成（累计 221 只，3315 样本）
2026-07-10 15:25:24.391 | DEBUG    | factors.prediction:_eval_heavy:371 - 重型模型 kronos：601328 完成（累计 222 只，3330 样本）
2026-07-10 15:25:30.068 | DEBUG    | factors.prediction:_eval_heavy:371 - 重型模型 kronos：601336 完成（累计 223 只，3345 样本）
2026-07-10 15:25:35.737 | DEBUG    | factors.prediction:_eval_heavy:371 - 重型模型 kronos：601360 完成（累计 224 只，3360 样本）
2026-07-10 15:25:41.353 | DEBUG    | factors.prediction:_eval_heavy:371 - 重型模型 kronos：601377 完成（累计 225 只，3375 样本）
2026-07-10 15:25:46.964 | DEBUG    | factors.prediction:_eval_heavy:371 - 重型模型 kronos：601390 完成（累计 226 只，3390 样本）
2026-07-10 15:25:52.617 | DEBUG    | factors.prediction:_eval_heavy:371 - 重型模型 kronos：601398 完成（累计 227 只，3405 样本）
2026-07-10 15:25:58.231 | DEBUG    | factors.prediction:_eval_heavy:371 - 重型模型 kronos：601456 完成（累计 228 只，3420 样本）
2026-07-10 15:26:03.840 | DEBUG    | factors.prediction:_eval_heavy:371 - 重型模型 kronos：601600 完成（累计 229 只，3435 样本）
2026-07-10 15:26:09.433 | DEBUG    | factors.prediction:_eval_heavy:371 - 重型模型 kronos：601601 完成（累计 230 只，3450 样本）
2026-07-10 15:26:14.987 | DEBUG    | factors.prediction:_eval_heavy:371 - 重型模型 kronos：601607 完成（累计 231 只，3465 样本）
2026-07-10 15:26:20.488 | DEBUG    | factors.prediction:_eval_heavy:371 - 重型模型 kronos：601618 完成（累计 232 只，3480 样本）
2026-07-10 15:26:26.018 | DEBUG    | factors.prediction:_eval_heavy:371 - 重型模型 kronos：601628 完成（累计 233 只，3495 样本）
2026-07-10 15:26:31.491 | DEBUG    | factors.prediction:_eval_heavy:371 - 重型模型 kronos：601633 完成（累计 234 只，3510 样本）
2026-07-10 15:26:36.983 | DEBUG    | factors.prediction:_eval_heavy:371 - 重型模型 kronos：601658 完成（累计 235 只，3525 样本）
2026-07-10 15:26:42.466 | DEBUG    | factors.prediction:_eval_heavy:371 - 重型模型 kronos：601668 完成（累计 236 只，3540 样本）
2026-07-10 15:26:48.002 | DEBUG    | factors.prediction:_eval_heavy:371 - 重型模型 kronos：601669 完成（累计 237 只，3555 样本）
2026-07-10 15:26:53.460 | DEBUG    | factors.prediction:_eval_heavy:371 - 重型模型 kronos：601688 完成（累计 238 只，3570 样本）
2026-07-10 15:26:58.945 | DEBUG    | factors.prediction:_eval_heavy:371 - 重型模型 kronos：601689 完成（累计 239 只，3585 样本）
2026-07-10 15:27:04.393 | DEBUG    | factors.prediction:_eval_heavy:371 - 重型模型 kronos：601698 完成（累计 240 只，3600 样本）
2026-07-10 15:27:09.851 | DEBUG    | factors.prediction:_eval_heavy:371 - 重型模型 kronos：601727 完成（累计 241 只，3615 样本）
2026-07-10 15:27:15.314 | DEBUG    | factors.prediction:_eval_heavy:371 - 重型模型 kronos：601728 完成（累计 242 只，3630 样本）
2026-07-10 15:27:20.793 | DEBUG    | factors.prediction:_eval_heavy:371 - 重型模型 kronos：601766 完成（累计 243 只，3645 样本）
2026-07-10 15:27:26.249 | DEBUG    | factors.prediction:_eval_heavy:371 - 重型模型 kronos：601788 完成（累计 244 只，3660 样本）
2026-07-10 15:27:31.722 | DEBUG    | factors.prediction:_eval_heavy:371 - 重型模型 kronos：601800 完成（累计 245 只，3675 样本）
2026-07-10 15:27:37.338 | DEBUG    | factors.prediction:_eval_heavy:371 - 重型模型 kronos：601816 完成（累计 246 只，3690 样本）
2026-07-10 15:27:42.833 | DEBUG    | factors.prediction:_eval_heavy:371 - 重型模型 kronos：601818 完成（累计 247 只，3705 样本）
2026-07-10 15:27:48.354 | DEBUG    | factors.prediction:_eval_heavy:371 - 重型模型 kronos：601825 完成（累计 248 只，3720 样本）
2026-07-10 15:27:53.871 | DEBUG    | factors.prediction:_eval_heavy:371 - 重型模型 kronos：601838 完成（累计 249 只，3735 样本）
2026-07-10 15:27:59.423 | DEBUG    | factors.prediction:_eval_heavy:371 - 重型模型 kronos：601857 完成（累计 250 只，3750 样本）
2026-07-10 15:28:05.028 | DEBUG    | factors.prediction:_eval_heavy:371 - 重型模型 kronos：601868 完成（累计 251 只，3765 样本）
2026-07-10 15:28:10.490 | DEBUG    | factors.prediction:_eval_heavy:371 - 重型模型 kronos：601872 完成（累计 252 只，3780 样本）
2026-07-10 15:28:15.981 | DEBUG    | factors.prediction:_eval_heavy:371 - 重型模型 kronos：601877 完成（累计 253 只，3795 样本）
2026-07-10 15:28:21.498 | DEBUG    | factors.prediction:_eval_heavy:371 - 重型模型 kronos：601878 完成（累计 254 只，3810 样本）
2026-07-10 15:28:26.962 | DEBUG    | factors.prediction:_eval_heavy:371 - 重型模型 kronos：601881 完成（累计 255 只，3825 样本）
2026-07-10 15:28:32.403 | DEBUG    | factors.prediction:_eval_heavy:371 - 重型模型 kronos：601888 完成（累计 256 只，3840 样本）
2026-07-10 15:28:37.880 | DEBUG    | factors.prediction:_eval_heavy:371 - 重型模型 kronos：601898 完成（累计 257 只，3855 样本）
2026-07-10 15:28:43.369 | DEBUG    | factors.prediction:_eval_heavy:371 - 重型模型 kronos：601899 完成（累计 258 只，3870 样本）
2026-07-10 15:28:48.868 | DEBUG    | factors.prediction:_eval_heavy:371 - 重型模型 kronos：601901 完成（累计 259 只，3885 样本）
2026-07-10 15:28:54.333 | DEBUG    | factors.prediction:_eval_heavy:371 - 重型模型 kronos：601916 完成（累计 260 只，3900 样本）
2026-07-10 15:28:59.803 | DEBUG    | factors.prediction:_eval_heavy:371 - 重型模型 kronos：601919 完成（累计 261 只，3915 样本）
2026-07-10 15:29:05.325 | DEBUG    | factors.prediction:_eval_heavy:371 - 重型模型 kronos：601939 完成（累计 262 只，3930 样本）
2026-07-10 15:29:10.814 | DEBUG    | factors.prediction:_eval_heavy:371 - 重型模型 kronos：601985 完成（累计 263 只，3945 样本）
2026-07-10 15:29:16.251 | DEBUG    | factors.prediction:_eval_heavy:371 - 重型模型 kronos：601988 完成（累计 264 只，3960 样本）
2026-07-10 15:29:21.153 | DEBUG    | factors.prediction:_eval_heavy:371 - 重型模型 kronos：601995 完成（累计 265 只，3975 样本）
2026-07-10 15:29:26.632 | DEBUG    | factors.prediction:_eval_heavy:371 - 重型模型 kronos：601998 完成（累计 266 只，3990 样本）
2026-07-10 15:29:32.139 | DEBUG    | factors.prediction:_eval_heavy:371 - 重型模型 kronos：603019 完成（累计 267 只，4005 样本）
2026-07-10 15:29:37.691 | DEBUG    | factors.prediction:_eval_heavy:371 - 重型模型 kronos：603259 完成（累计 268 只，4020 样本）
2026-07-10 15:29:43.204 | DEBUG    | factors.prediction:_eval_heavy:371 - 重型模型 kronos：603260 完成（累计 269 只，4035 样本）
2026-07-10 15:29:48.740 | DEBUG    | factors.prediction:_eval_heavy:371 - 重型模型 kronos：603288 完成（累计 270 只，4050 样本）
2026-07-10 15:29:54.243 | DEBUG    | factors.prediction:_eval_heavy:371 - 重型模型 kronos：603296 完成（累计 271 只，4065 样本）
2026-07-10 15:29:59.776 | DEBUG    | factors.prediction:_eval_heavy:371 - 重型模型 kronos：603369 完成（累计 272 只，4080 样本）
2026-07-10 15:30:05.353 | DEBUG    | factors.prediction:_eval_heavy:371 - 重型模型 kronos：603392 完成（累计 273 只，4095 样本）
2026-07-10 15:30:10.872 | DEBUG    | factors.prediction:_eval_heavy:371 - 重型模型 kronos：603501 完成（累计 274 只，4110 样本）
2026-07-10 15:30:16.374 | DEBUG    | factors.prediction:_eval_heavy:371 - 重型模型 kronos：603799 完成（累计 275 只，4125 样本）
2026-07-10 15:30:21.832 | DEBUG    | factors.prediction:_eval_heavy:371 - 重型模型 kronos：603893 完成（累计 276 只，4140 样本）
2026-07-10 15:30:27.287 | DEBUG    | factors.prediction:_eval_heavy:371 - 重型模型 kronos：603986 完成（累计 277 只，4155 样本）
2026-07-10 15:30:32.797 | DEBUG    | factors.prediction:_eval_heavy:371 - 重型模型 kronos：603993 完成（累计 278 只，4170 样本）
2026-07-10 15:30:38.295 | DEBUG    | factors.prediction:_eval_heavy:371 - 重型模型 kronos：605117 完成（累计 279 只，4185 样本）
2026-07-10 15:30:43.844 | DEBUG    | factors.prediction:_eval_heavy:371 - 重型模型 kronos：605499 完成（累计 280 只，4200 样本）
2026-07-10 15:30:49.473 | DEBUG    | factors.prediction:_eval_heavy:371 - 重型模型 kronos：688008 完成（累计 281 只，4215 样本）
2026-07-10 15:30:54.941 | DEBUG    | factors.prediction:_eval_heavy:371 - 重型模型 kronos：688009 完成（累计 282 只，4230 样本）
2026-07-10 15:31:00.123 | DEBUG    | factors.prediction:_eval_heavy:371 - 重型模型 kronos：688012 完成（累计 283 只，4245 样本）
2026-07-10 15:31:05.628 | DEBUG    | factors.prediction:_eval_heavy:371 - 重型模型 kronos：688036 完成（累计 284 只，4260 样本）
2026-07-10 15:31:11.099 | DEBUG    | factors.prediction:_eval_heavy:371 - 重型模型 kronos：688041 完成（累计 285 只，4275 样本）
2026-07-10 15:31:16.556 | DEBUG    | factors.prediction:_eval_heavy:371 - 重型模型 kronos：688047 完成（累计 286 只，4290 样本）
2026-07-10 15:31:21.844 | DEBUG    | factors.prediction:_eval_heavy:371 - 重型模型 kronos：688072 完成（累计 287 只，4305 样本）
2026-07-10 15:31:27.331 | DEBUG    | factors.prediction:_eval_heavy:371 - 重型模型 kronos：688082 完成（累计 288 只，4320 样本）
2026-07-10 15:31:32.788 | DEBUG    | factors.prediction:_eval_heavy:371 - 重型模型 kronos：688111 完成（累计 289 只，4335 样本）
2026-07-10 15:31:38.257 | DEBUG    | factors.prediction:_eval_heavy:371 - 重型模型 kronos：688126 完成（累计 290 只，4350 样本）
2026-07-10 15:31:43.733 | DEBUG    | factors.prediction:_eval_heavy:371 - 重型模型 kronos：688183 完成（累计 291 只，4365 样本）
2026-07-10 15:31:49.245 | DEBUG    | factors.prediction:_eval_heavy:371 - 重型模型 kronos：688223 完成（累计 292 只，4380 样本）
2026-07-10 15:31:54.812 | DEBUG    | factors.prediction:_eval_heavy:371 - 重型模型 kronos：688256 完成（累计 293 只，4395 样本）
2026-07-10 15:32:00.280 | DEBUG    | factors.prediction:_eval_heavy:371 - 重型模型 kronos：688271 完成（累计 294 只，4410 样本）
2026-07-10 15:32:05.708 | DEBUG    | factors.prediction:_eval_heavy:371 - 重型模型 kronos：688303 完成（累计 295 只，4425 样本）
2026-07-10 15:32:11.143 | DEBUG    | factors.prediction:_eval_heavy:371 - 重型模型 kronos：688396 完成（累计 296 只，4440 样本）
2026-07-10 15:32:16.557 | DEBUG    | factors.prediction:_eval_heavy:371 - 重型模型 kronos：688472 完成（累计 297 只，4455 样本）
2026-07-10 15:32:22.008 | DEBUG    | factors.prediction:_eval_heavy:371 - 重型模型 kronos：688506 完成（累计 298 只，4470 样本）
2026-07-10 15:32:27.461 | DEBUG    | factors.prediction:_eval_heavy:371 - 重型模型 kronos：688521 完成（累计 299 只，4485 样本）
2026-07-10 15:32:32.950 | DEBUG    | factors.prediction:_eval_heavy:371 - 重型模型 kronos：688981 完成（累计 300 只，4500 样本）
=== 可复现验证：快照=verify_snapshot.duckdb seed=20260708 sample_count=1 片数=1 ===
Loading weights from local directory
Loading weights from local directory
[worker 0] 完成 300 只：dir_acc=0.5711 weight=0.0356 pairs=4500
{
  "verdict": "PASS",
  "metrics": {
    "total_dir_acc": 0.5711,
    "H1_dir_acc": 0.5327,
    "H5_dir_acc": 0.6473,
    "H10_dir_acc": 0.5333,
    "fusion_weight": 0.0356,
    "n_pairs": 4500,
    "n_valid": 4500,
    "done_codes": 300
  },
  "fail_reasons": []
}
